<?xml version="1.0" encoding="UTF-8"?>
<coverage generated="1675239590103" clover="3.2.0">
  <project timestamp="1675239590103" name="All files">
    <metrics statements="18" coveredstatements="18" conditionals="4" coveredconditionals="4" methods="10" coveredmethods="10" elements="32" coveredelements="32" complexity="0" loc="18" ncloc="18" packages="1" files="2" classes="2"/>
    <file name="Daemon.js" path="C:\Users\Administrator\WebstormProjects\arraybufferhw1\src\js\Daemon.js">
      <metrics statements="9" coveredstatements="9" conditionals="2" coveredconditionals="2" methods="5" coveredmethods="5"/>
      <line num="3" count="3" type="stmt"/>
      <line num="4" count="3" type="stmt"/>
      <line num="5" count="3" type="stmt"/>
      <line num="9" count="2" type="cond" truecount="2" falsecount="0"/>
      <line num="10" count="1" type="stmt"/>
      <line num="12" count="1" type="stmt"/>
      <line num="17" count="2" type="stmt"/>
      <line num="21" count="2" type="stmt"/>
      <line num="25" count="2" type="stmt"/>
    </file>
    <file name="Magician.js" path="C:\Users\Administrator\WebstormProjects\arraybufferhw1\src\js\Magician.js">
      <metrics statements="9" coveredstatements="9" conditionals="2" coveredconditionals="2" methods="5" coveredmethods="5"/>
      <line num="3" count="3" type="stmt"/>
      <line num="4" count="3" type="stmt"/>
      <line num="5" count="3" type="stmt"/>
      <line num="9" count="2" type="cond" truecount="2" falsecount="0"/>
      <line num="10" count="1" type="stmt"/>
      <line num="12" count="1" type="stmt"/>
      <line num="17" count="2" type="stmt"/>
      <line num="21" count="2" type="stmt"/>
      <line num="25" count="2" type="stmt"/>
    </file>
  </project>
</coverage>
